<?xml version="1.0" encoding="UTF-8"?><testsuite errors="0" failures="2" name="test.CreateNewAssetTest" skipped="0" tests="6" time="383.53" timestamp="2016-04-120 10:08:01"><testcase classname="test.CreateNewAssetTest" name="Back to calibrator page when Creating new Asset Test"/><testcase classname="test.CreateNewAssetTest" name="Cancel Create new Asset Test"><failure message="User is not redirected to Home Page or URL http://paywallmasters.com:8080/calibrator/admin/property/list.html ,or URL has changed" type="java.lang.AssertionError">User is not redirected to Home Page or URL http://paywallmasters.com:8080/calibrator/admin/property/list.html ,or URL has changed</failure><system-err>User is not redirected to Home Page or URL http://paywallmasters.com:8080/calibrator/admin/property/list.html ,or URL has changed&#13;
steps.CreateEditAssetPageSteps.cancelCreateNewAssetForm(CreateEditAssetPageSteps.java:81)&#13;
test.CreateNewAssetTest.cancelCreateNewAssetTest(CreateNewAssetTest.java:65)&#13;
</system-err></testcase><testcase classname="test.CreateNewAssetTest" name="Edit Existing Assets Status Test"/><testcase classname="test.CreateNewAssetTest" name="Create new Asset Test"><failure message="Asset SummaryHeader Default Checkbox is different from expected. Expected: false Actual: true" type="java.lang.AssertionError">Asset SummaryHeader Default Checkbox is different from expected. Expected: false Actual: true</failure><system-err>Asset SummaryHeader Default Checkbox is different from expected. Expected: false Actual: true&#13;
steps.CreateEditAssetPageSteps.verifyAssetCreation(CreateEditAssetPageSteps.java:56)&#13;
test.CreateNewAssetTest.createNewAssetTest(CreateNewAssetTest.java:56)&#13;
</system-err></testcase><testcase classname="test.CreateNewAssetTest" name="Edit Existing Assets Configuration Test"/><testcase classname="test.CreateNewAssetTest" name="Delete Assets Test"/></testsuite>