<?xml version="1.0" encoding="UTF-8"?><testsuite errors="3" failures="1" name="test.CampaignTest" skipped="0" tests="5" time="307.43" timestamp="2016-04-120 09:59:02"><testcase classname="test.CampaignTest" name="Back to Campaign page when Creating new Campaign Test"/><testcase classname="test.CampaignTest" name="Create new Campaign Test"><error message="Index: 6, Size: 6" type="java.lang.IndexOutOfBoundsException">Index: 6, Size: 6</error><system-err>Index: 6, Size: 6&#13;
pages.tableModels.CampaignTableModel.&lt;init&gt;(CampaignTableModel.java:21)&#13;
steps.CampaignSteps.verifyCampaignCreation(CampaignSteps.java:87)&#13;
test.CampaignTest.createNewCampaignTest(CampaignTest.java:72)&#13;
</system-err></testcase><testcase classname="test.CampaignTest" name="Delete Campaign Test"><error message="Index: 6, Size: 6" type="java.lang.IndexOutOfBoundsException">Index: 6, Size: 6</error><system-err>Index: 6, Size: 6&#13;
pages.tableModels.CampaignTableModel.&lt;init&gt;(CampaignTableModel.java:21)&#13;
steps.CampaignSteps.deleteCampaign(CampaignSteps.java:78)&#13;
test.CampaignTest.deleteCampaignTest(CampaignTest.java:83)&#13;
</system-err></testcase><testcase classname="test.CampaignTest" name="Cancel when Creating new Campaign Test"><failure message="Campaign is present in the table" type="java.lang.AssertionError">Campaign is present in the table</failure><system-err>Campaign is present in the table&#13;
steps.CampaignSteps.verifyCampaignNotPresent(CampaignSteps.java:122)&#13;
test.CampaignTest.cancelCampaignCreationTest(CampaignTest.java:107)&#13;
</system-err></testcase><testcase classname="test.CampaignTest" name="Edit Existing Campaign Test"><error message="Index: 6, Size: 6" type="java.lang.IndexOutOfBoundsException">Index: 6, Size: 6</error><system-err>Index: 6, Size: 6&#13;
pages.tableModels.CampaignTableModel.&lt;init&gt;(CampaignTableModel.java:21)&#13;
steps.CampaignSteps.editCampaignConfiguration(CampaignSteps.java:71)&#13;
test.CampaignTest.editCampaignConfigurationTest(CampaignTest.java:119)&#13;
</system-err></testcase></testsuite>